<?xml version="1.0" encoding="UTF-8"?>
<testsuite xmlns:xsi="http://www.w3.org/2001/XMLSchema-instance" xsi:noNamespaceSchemaLocation="https://maven.apache.org/surefire/maven-surefire-plugin/xsd/surefire-test-report.xsd" name="com.example.mavenjavatest.test.AppTest" time="0.033" tests="5" errors="0" skipped="0" failures="0">
  <properties>
[...]
</properties>
  <testcase name="shouldAnswerWithTrue" classname="com.example.mavenjavatest.test.AppTest" time="0.001"/>
  <testcase name="testAdd" classname="com.example.mavenjavatest.test.AppTest" time="0.001"/>
  <testcase name="testDiv" classname="com.example.mavenjavatest.test.AppTest" time="0"/>
  <testcase name="testMult" classname="com.example.mavenjavatest.test.AppTest" time="0"/>
  <testcase name="testSubstract" classname="com.example.mavenjavatest.test.AppTest" time="0.001"/>
</testsuite>