<?xml version="1.0" encoding="UTF-8"?>
<checkstyle version="6.18">
<file name="C:\Jenkins\JENKINSHOME\work\project\maventestparentexample\mavenjavatest\src\main\java\com\example\mavenjavatest\test\App.java">
<error line="1" column="9" severity="error" message="Le nom &apos;com.example.mavenjavatest.test&apos; n&apos;est pas conforme à l&apos;expression &apos;com\.example\.$\{projectname\}(\.[a-z][a-zA-Z0-9]+)*$&apos;." source="com.puppycrawl.tools.checkstyle.checks.naming.PackageNameCheck"/>
</file>
<file name="C:\Jenkins\JENKINSHOME\work\project\maventestparentexample\mavenjavatest\src\main\java\com\example\mavenjavatest\test\Calc.java">
<error line="1" column="9" severity="error" message="Le nom &apos;com.example.mavenjavatest.test&apos; n&apos;est pas conforme à l&apos;expression &apos;com\.example\.$\{projectname\}(\.[a-z][a-zA-Z0-9]+)*$&apos;." source="com.puppycrawl.tools.checkstyle.checks.naming.PackageNameCheck"/>
</file>
</checkstyle>
